DEBUG:rosreestr2coord.logger:https://pkk.rosreestr.ru/api/features/1/38:6:144003:4723
DEBUG:rosreestr2coord.logger:https://pkk.rosreestr.ru/arcgis/rest/services/PKK6/CadastreSelected/MapServer/export?dpi=96&transparent=false&format=png&layers=show%3A0%2C1%2C2%2C3%2C4%2C5%2C6%2C7%2C8%2C9%2C10%2C11%2C12%2C13%2C14%2C15%2C16%2C17%2C18%2C19%2C20&bbox=11647957.7935915%2C6848527.412779816%2C11647849.7935915%2C6848419.412779816&bboxSR=102100&imageSR=102100&size=500%2C500&layerDefs=%7B%270%27%3A+%22ID+%3D+%2738%3A6%3A144003%3A4723%27%22%2C+%271%27%3A+%22ID+%3D+%2738%3A6%3A144003%3A4723%27%22%2C+%272%27%3A+%22ID+%3D+%2738%3A6%3A144003%3A4723%27%22%2C+%273%27%3A+%22ID+%3D+%2738%3A6%3A144003%3A4723%27%22%2C+%274%27%3A+%22ID+%3D+%2738%3A6%3A144003%3A4723%27%22%2C+%275%27%3A+%22ID+%3D+%2738%3A6%3A144003%3A4723%27%22%2C+%276%27%3A+%22ID+%3D+%2738%3A6%3A144003%3A4723%27%22%2C+%277%27%3A+%22ID+%3D+%2738%3A6%3A144003%3A4723%27%22%2C+%278%27%3A+%22ID+%3D+%2738%3A6%3A144003%3A4723%27%22%2C+%279%27%3A+%22ID+%3D+%2738%3A6%3A144003%3A4723%27%22%2C+%2710%27%3A+%22ID+%3D+%2738%3A6%3A144003%3A4723%27%22%2C+%2711%27%3A+%22ID+%3D+%2738%3A6%3A144003%3A4723%27%22%2C+%2712%27%3A+%22ID+%3D+%2738%3A6%3A144003%3A4723%27%22%2C+%2713%27%3A+%22ID+%3D+%2738%3A6%3A144003%3A4723%27%22%2C+%2714%27%3A+%22ID+%3D+%2738%3A6%3A144003%3A4723%27%22%2C+%2715%27%3A+%22ID+%3D+%2738%3A6%3A144003%3A4723%27%22%2C+%2716%27%3A+%22ID+%3D+%2738%3A6%3A144003%3A4723%27%22%2C+%2717%27%3A+%22ID+%3D+%2738%3A6%3A144003%3A4723%27%22%2C+%2718%27%3A+%22ID+%3D+%2738%3A6%3A144003%3A4723%27%22%2C+%2719%27%3A+%22ID+%3D+%2738%3A6%3A144003%3A4723%27%22%2C+%2720%27%3A+%22ID+%3D+%2738%3A6%3A144003%3A4723%27%22%7D&f=json&timestamp=1673367696628
ERROR:rosreestr2coord.logger:<urlopen error [Errno 61] Connection refused>
DEBUG:rosreestr2coord.logger:https://pkk.rosreestr.ru/arcgis/rest/services/PKK6/CadastreSelected/MapServer/export?dpi=96&transparent=false&format=png&layers=show%3A0%2C1%2C2%2C3%2C4%2C5%2C6%2C7%2C8%2C9%2C10%2C11%2C12%2C13%2C14%2C15%2C16%2C17%2C18%2C19%2C20&bbox=11647957.7935915%2C6848527.412779816%2C11647849.7935915%2C6848419.412779816&bboxSR=102100&imageSR=102100&size=500%2C500&layerDefs=%7B%270%27%3A+%22ID+%3D+%2738%3A6%3A144003%3A4723%27%22%2C+%271%27%3A+%22ID+%3D+%2738%3A6%3A144003%3A4723%27%22%2C+%272%27%3A+%22ID+%3D+%2738%3A6%3A144003%3A4723%27%22%2C+%273%27%3A+%22ID+%3D+%2738%3A6%3A144003%3A4723%27%22%2C+%274%27%3A+%22ID+%3D+%2738%3A6%3A144003%3A4723%27%22%2C+%275%27%3A+%22ID+%3D+%2738%3A6%3A144003%3A4723%27%22%2C+%276%27%3A+%22ID+%3D+%2738%3A6%3A144003%3A4723%27%22%2C+%277%27%3A+%22ID+%3D+%2738%3A6%3A144003%3A4723%27%22%2C+%278%27%3A+%22ID+%3D+%2738%3A6%3A144003%3A4723%27%22%2C+%279%27%3A+%22ID+%3D+%2738%3A6%3A144003%3A4723%27%22%2C+%2710%27%3A+%22ID+%3D+%2738%3A6%3A144003%3A4723%27%22%2C+%2711%27%3A+%22ID+%3D+%2738%3A6%3A144003%3A4723%27%22%2C+%2712%27%3A+%22ID+%3D+%2738%3A6%3A144003%3A4723%27%22%2C+%2713%27%3A+%22ID+%3D+%2738%3A6%3A144003%3A4723%27%22%2C+%2714%27%3A+%22ID+%3D+%2738%3A6%3A144003%3A4723%27%22%2C+%2715%27%3A+%22ID+%3D+%2738%3A6%3A144003%3A4723%27%22%2C+%2716%27%3A+%22ID+%3D+%2738%3A6%3A144003%3A4723%27%22%2C+%2717%27%3A+%22ID+%3D+%2738%3A6%3A144003%3A4723%27%22%2C+%2718%27%3A+%22ID+%3D+%2738%3A6%3A144003%3A4723%27%22%2C+%2719%27%3A+%22ID+%3D+%2738%3A6%3A144003%3A4723%27%22%2C+%2720%27%3A+%22ID+%3D+%2738%3A6%3A144003%3A4723%27%22%7D&f=json&timestamp=1673367771350
DEBUG:PIL.PngImagePlugin:STREAM b'IHDR' 16 13
DEBUG:PIL.PngImagePlugin:STREAM b'sRGB' 41 1
DEBUG:PIL.PngImagePlugin:STREAM b'PLTE' 54 6
DEBUG:PIL.PngImagePlugin:STREAM b'pHYs' 72 9
DEBUG:PIL.PngImagePlugin:STREAM b'IDAT' 93 1579
DEBUG:PIL.PngImagePlugin:STREAM b'IHDR' 16 13
DEBUG:PIL.PngImagePlugin:STREAM b'sRGB' 41 1
DEBUG:PIL.PngImagePlugin:STREAM b'PLTE' 54 6
DEBUG:PIL.PngImagePlugin:STREAM b'pHYs' 72 9
DEBUG:PIL.PngImagePlugin:STREAM b'IDAT' 93 1579
DEBUG:PIL.PngImagePlugin:STREAM b'IHDR' 16 13
DEBUG:PIL.PngImagePlugin:STREAM b'sRGB' 41 1
DEBUG:PIL.PngImagePlugin:STREAM b'PLTE' 54 6
DEBUG:PIL.PngImagePlugin:STREAM b'pHYs' 72 9
DEBUG:PIL.PngImagePlugin:STREAM b'IDAT' 93 1579
DEBUG:rosreestr2coord.logger:https://pkk.rosreestr.ru/api/features/1/50:20:41615:1509
ERROR:rosreestr2coord.logger:<urlopen error [Errno 61] Connection refused>
WARNING:rosreestr2coord.logger:'bool' object has no attribute 'decode'
DEBUG:rosreestr2coord.logger:https://pkk.rosreestr.ru/api/features/1/50:20:41615:1509
ERROR:rosreestr2coord.logger:<urlopen error [Errno 61] Connection refused>
WARNING:rosreestr2coord.logger:'bool' object has no attribute 'decode'
DEBUG:PIL.PngImagePlugin:STREAM b'IHDR' 16 13
DEBUG:PIL.PngImagePlugin:STREAM b'sRGB' 41 1
DEBUG:PIL.PngImagePlugin:STREAM b'PLTE' 54 6
DEBUG:PIL.PngImagePlugin:STREAM b'pHYs' 72 9
DEBUG:PIL.PngImagePlugin:STREAM b'IDAT' 93 1579
DEBUG:PIL.PngImagePlugin:STREAM b'IHDR' 16 13
DEBUG:PIL.PngImagePlugin:STREAM b'sRGB' 41 1
DEBUG:PIL.PngImagePlugin:STREAM b'PLTE' 54 6
DEBUG:PIL.PngImagePlugin:STREAM b'pHYs' 72 9
DEBUG:PIL.PngImagePlugin:STREAM b'IDAT' 93 1579
DEBUG:PIL.PngImagePlugin:STREAM b'IHDR' 16 13
DEBUG:PIL.PngImagePlugin:STREAM b'sRGB' 41 1
DEBUG:PIL.PngImagePlugin:STREAM b'PLTE' 54 6
DEBUG:PIL.PngImagePlugin:STREAM b'pHYs' 72 9
DEBUG:PIL.PngImagePlugin:STREAM b'IDAT' 93 1579
